Dataset/WooCommerce/WooCommerce/build/intermediates/manifest_merge_blame_file/wasabiDebug/manifest-merger-blame-wasabi-debug-report.txt
1<?xml version="1.0" encoding="utf-8"?>
2<manifest xmlns:android="http://schemas.android.com/apk/res/android"
3    package="com.woocommerce.android.dev"
4    android:versionCode="307"
5    android:versionName="9.4-rc-2" >
6
7    <uses-sdk
8        android:minSdkVersion="21"
9        android:targetSdkVersion="31" />
10
11    <!-- Allows unlocking your device and activating its screen so UI tests can succeed -->
12    <uses-permission android:name="android.permission.DISABLE_KEYGUARD" />
12-->src/debug/AndroidManifest.xml:8:5-74
12-->src/debug/AndroidManifest.xml:8:22-72
13    <uses-permission android:name="android.permission.WAKE_LOCK" />
13-->src/main/AndroidManifest.xml:12:5-67
13-->src/main/AndroidManifest.xml:12:22-65
14
15    <!-- Allows for storing and retrieving screenshots -->
16    <uses-permission
16-->src/debug/AndroidManifest.xml:12:5-108
17        android:name="android.permission.WRITE_EXTERNAL_STORAGE"
17-->src/debug/AndroidManifest.xml:12:22-78
18        android:maxSdkVersion="28" />
18-->src/debug/AndroidManifest.xml:12:79-105
19    <uses-permission android:name="android.permission.READ_EXTERNAL_STORAGE" />
19-->src/debug/AndroidManifest.xml:13:5-80
19-->src/debug/AndroidManifest.xml:13:22-77
20
21    <!-- Allows changing locales -->
22    <uses-permission android:name="android.permission.CHANGE_CONFIGURATION" />
22-->src/debug/AndroidManifest.xml:16:5-115
22-->src/debug/AndroidManifest.xml:16:22-76
23
24    <!--
25    Clean the status bar for screenshots automation
26    See https://docs.fastlane.tools/actions/screengrab/#clean-status-bar
27    -->
28    <!-- Indicates the use of the clean status bar feature -->
29    <uses-feature android:name="tools.fastlane.screengrab.cleanstatusbar" />
29-->src/debug/AndroidManifest.xml:21:5-77
29-->src/debug/AndroidManifest.xml:21:19-74
30    <!-- Allows for changing the status bar -->
31    <uses-permission android:name="android.permission.DUMP" />
31-->src/debug/AndroidManifest.xml:23:5-99
31-->src/debug/AndroidManifest.xml:23:22-60
32
33    <!-- Mark the camera as optional, as the back camera is missing from some ChromeOS devices -->
34    <uses-feature
34-->src/main/AndroidManifest.xml:6:5-85
35        android:name="android.hardware.camera"
35-->src/main/AndroidManifest.xml:6:19-57
36        android:required="false" /> <!-- Normal permissions, access automatically granted to app -->
36-->src/main/AndroidManifest.xml:6:58-82
37    <uses-permission android:name="android.permission.INTERNET" />
37-->src/main/AndroidManifest.xml:9:5-67
37-->src/main/AndroidManifest.xml:9:22-64
38    <uses-permission android:name="android.permission.ACCESS_NETWORK_STATE" />
38-->src/main/AndroidManifest.xml:10:5-79
38-->src/main/AndroidManifest.xml:10:22-76
39    <uses-permission android:name="android.permission.FOREGROUND_SERVICE" />
39-->src/main/AndroidManifest.xml:11:5-77
39-->src/main/AndroidManifest.xml:11:22-74
40    <uses-permission android:name="android.permission.ACTION_OPEN_DOCUMENT" />
40-->src/main/AndroidManifest.xml:13:5-78
40-->src/main/AndroidManifest.xml:13:22-76
41    <uses-permission android:name="android.permission.NFC" />
41-->src/main/AndroidManifest.xml:14:5-62
41-->src/main/AndroidManifest.xml:14:22-59
42    <uses-permission
42-->src/main/AndroidManifest.xml:16:5-67
43        android:name="android.permission.BLUETOOTH"
43-->src/main/AndroidManifest.xml:16:22-65
44        android:maxSdkVersion="30" />
44-->[:libs:cardreader] AndroidManifest.xml:14:9-35
45    <uses-permission
45-->src/main/AndroidManifest.xml:17:5-73
46        android:name="android.permission.BLUETOOTH_ADMIN"
46-->src/main/AndroidManifest.xml:17:22-71
47        android:maxSdkVersion="30" />
47-->[:libs:cardreader] AndroidManifest.xml:17:9-35
48    <uses-permission android:name="android.permission.ACCESS_FINE_LOCATION" />
48-->src/main/AndroidManifest.xml:18:5-78
48-->src/main/AndroidManifest.xml:18:22-76
49    <uses-permission android:name="android.permission.ACCESS_WIFI_STATE" />
49-->src/main/AndroidManifest.xml:19:5-75
49-->src/main/AndroidManifest.xml:19:22-73
50    <uses-permission android:name="android.permission.CAMERA" />
50-->[org.wordpress:mediapicker:trunk-d0db2634cf27511bec3ef9b837f9cfe27c5ab601] AndroidManifest.xml:9:5-65
50-->[org.wordpress:mediapicker:trunk-d0db2634cf27511bec3ef9b837f9cfe27c5ab601] AndroidManifest.xml:9:22-62
51
52    <queries>
52-->[org.wordpress:mediapicker:trunk-d0db2634cf27511bec3ef9b837f9cfe27c5ab601] AndroidManifest.xml:15:5-25:15
53
54        <!-- Required for Android 11 to allow camera access -->
55        <intent>
55-->[org.wordpress:mediapicker:trunk-d0db2634cf27511bec3ef9b837f9cfe27c5ab601] AndroidManifest.xml:18:9-20:18
56            <action android:name="android.media.action.IMAGE_CAPTURE" />
56-->[org.wordpress:mediapicker:trunk-d0db2634cf27511bec3ef9b837f9cfe27c5ab601] AndroidManifest.xml:19:13-73
56-->[org.wordpress:mediapicker:trunk-d0db2634cf27511bec3ef9b837f9cfe27c5ab601] AndroidManifest.xml:19:21-70
57        </intent>
58        <!-- Required for Android 11 and allows for querying for installed apps -->
59        <intent>
59-->[org.wordpress:mediapicker:trunk-d0db2634cf27511bec3ef9b837f9cfe27c5ab601] AndroidManifest.xml:22:9-24:18
60            <action android:name="android.intent.action.MAIN" />
60-->src/main/AndroidManifest.xml:43:17-68
60-->src/main/AndroidManifest.xml:43:25-66
61        </intent>
62        <!-- Browser -->
63        <intent>
63-->[com.zendesk:common-ui:4.0.3] AndroidManifest.xml:14:9-18:18
64            <action android:name="android.intent.action.VIEW" />
64-->src/main/AndroidManifest.xml:56:17-68
64-->src/main/AndroidManifest.xml:56:25-66
65
66            <data android:scheme="http" />
66-->src/main/AndroidManifest.xml:59:17-61:52
66-->src/main/AndroidManifest.xml:61:21-49
67        </intent> <!-- Gallery -->
68        <intent>
68-->[com.zendesk:common-ui:4.0.3] AndroidManifest.xml:26:9-28:18
69            <action android:name="android.intent.action.GET_CONTENT" />
69-->[com.zendesk:common-ui:4.0.3] AndroidManifest.xml:27:13-72
69-->[com.zendesk:common-ui:4.0.3] AndroidManifest.xml:27:21-69
70        </intent>
71    </queries>
72
73    <uses-permission android:name="android.permission.BLUETOOTH_SCAN" />
73-->[:libs:cardreader] AndroidManifest.xml:9:5-73
73-->[:libs:cardreader] AndroidManifest.xml:9:22-70
74    <uses-permission android:name="android.permission.BLUETOOTH_CONNECT" />
74-->[:libs:cardreader] AndroidManifest.xml:10:5-76
74-->[:libs:cardreader] AndroidManifest.xml:10:22-73
75    <uses-permission android:name="android.permission.ACCESS_COARSE_LOCATION" />
75-->[com.stripe:stripeterminal-core:2.10.0] AndroidManifest.xml:13:5-81
75-->[com.stripe:stripeterminal-core:2.10.0] AndroidManifest.xml:13:22-78
76    <uses-permission android:name="android.permission.GET_ACCOUNTS" /> <!-- Required by older versions of Google Play services to create IID tokens -->
76-->[org.wordpress:utils:2.3.0] AndroidManifest.xml:9:5-71
76-->[org.wordpress:utils:2.3.0] AndroidManifest.xml:9:22-68
77    <uses-permission android:name="com.google.android.c2dm.permission.RECEIVE" />
77-->[com.google.firebase:firebase-messaging:23.0.5] AndroidManifest.xml:28:5-82
77-->[com.google.firebase:firebase-messaging:23.0.5] AndroidManifest.xml:28:22-79
78
79    <application
79-->src/main/AndroidManifest.xml:21:5-141:19
80        android:name="com.woocommerce.android.WooCommerceDebug"
80-->src/main/AndroidManifest.xml:29:9-36
81        android:allowBackup="true"
81-->src/main/AndroidManifest.xml:22:9-35
82        android:appComponentFactory="androidx.core.app.CoreComponentFactory"
82-->[androidx.core:core:1.7.0] AndroidManifest.xml:24:18-86
83        android:dataExtractionRules="@xml/backup_scheme"
83-->src/main/AndroidManifest.xml:24:9-57
84        android:debuggable="true"
85        android:fullBackupContent="@xml/legacy_backup_scheme"
85-->src/main/AndroidManifest.xml:23:9-62
86        android:hardwareAccelerated="true"
86-->src/main/AndroidManifest.xml:25:9-43
87        android:icon="@mipmap/ic_launcher"
87-->src/main/AndroidManifest.xml:26:9-43
88        android:label="@string/app_name"
88-->src/main/AndroidManifest.xml:27:9-41
89        android:largeHeap="true"
89-->src/main/AndroidManifest.xml:28:9-33
90        android:networkSecurityConfig="@xml/network_security_config"
90-->src/main/AndroidManifest.xml:30:9-69
91        android:roundIcon="@mipmap/ic_launcher_round"
91-->src/main/AndroidManifest.xml:31:9-54
92        android:supportsRtl="true"
92-->src/main/AndroidManifest.xml:32:9-35
93        android:testOnly="true"
94        android:theme="@style/Theme.Woo.Splash" > <!-- TODO: we eventually want to drop support for Apache, but for now it's used by FluxC -->
94-->src/main/AndroidManifest.xml:33:9-48
95        <uses-library
95-->src/main/AndroidManifest.xml:36:9-87
96            android:name="org.apache.http.legacy"
96-->src/main/AndroidManifest.xml:36:23-60
97            android:required="false" />
97-->src/main/AndroidManifest.xml:36:61-85
98
99        <activity
99-->src/main/AndroidManifest.xml:38:9-46:20
100            android:name="com.woocommerce.android.ui.main.MainActivity"
100-->src/main/AndroidManifest.xml:39:13-49
101            android:exported="true"
101-->src/main/AndroidManifest.xml:40:13-36
102            android:windowSoftInputMode="adjustResize" >
102-->src/main/AndroidManifest.xml:41:13-55
103            <intent-filter>
103-->src/main/AndroidManifest.xml:42:13-45:29
104                <action android:name="android.intent.action.MAIN" />
104-->src/main/AndroidManifest.xml:43:17-68
104-->src/main/AndroidManifest.xml:43:25-66
105
106                <category android:name="android.intent.category.LAUNCHER" />
106-->src/main/AndroidManifest.xml:44:17-76
106-->src/main/AndroidManifest.xml:44:27-74
107            </intent-filter>
108        </activity>
109        <activity
109-->src/main/AndroidManifest.xml:48:9-51:20
110            android:name="com.woocommerce.android.ui.login.LoginActivity"
110-->src/main/AndroidManifest.xml:48:19-57
111            android:theme="@style/LoginTheme"
111-->src/main/AndroidManifest.xml:49:19-52
112            android:windowSoftInputMode="adjustResize" >
112-->src/main/AndroidManifest.xml:50:19-61
113        </activity>
114        <activity
114-->src/main/AndroidManifest.xml:53:9-63:20
115            android:name="com.woocommerce.android.ui.login.MagicLinkInterceptActivity"
115-->src/main/AndroidManifest.xml:53:19-70
116            android:exported="true" >
116-->src/main/AndroidManifest.xml:54:13-36
117            <intent-filter>
117-->src/main/AndroidManifest.xml:55:13-62:29
118                <action android:name="android.intent.action.VIEW" />
118-->src/main/AndroidManifest.xml:56:17-68
118-->src/main/AndroidManifest.xml:56:25-66
119
120                <category android:name="android.intent.category.DEFAULT" />
120-->src/main/AndroidManifest.xml:57:17-76
120-->src/main/AndroidManifest.xml:57:27-73
121                <category android:name="android.intent.category.BROWSABLE" />
121-->src/main/AndroidManifest.xml:58:17-78
121-->src/main/AndroidManifest.xml:58:27-75
122
123                <data
123-->src/main/AndroidManifest.xml:59:17-61:52
124                    android:host="magic-login"
124-->src/main/AndroidManifest.xml:60:21-47
125                    android:scheme="woocommerce" />
125-->src/main/AndroidManifest.xml:61:21-49
126            </intent-filter>
127        </activity>
128        <activity
128-->src/main/AndroidManifest.xml:65:9-67:56
129            android:name="com.woocommerce.android.ui.prefs.AppSettingsActivity"
129-->src/main/AndroidManifest.xml:66:13-57
130            android:theme="@style/Theme.Woo.DayNight" />
130-->src/main/AndroidManifest.xml:67:13-54
131        <activity
131-->src/main/AndroidManifest.xml:69:9-71:60
132            android:name="com.woocommerce.android.ui.prefs.UnifiedAboutScreenActivity"
132-->src/main/AndroidManifest.xml:70:13-64
133            android:theme="@style/Theme.Woo.UnifiedAbout" />
133-->src/main/AndroidManifest.xml:71:13-58
134        <activity
134-->src/main/AndroidManifest.xml:73:9-76:56
135            android:name="com.woocommerce.android.support.WooLogViewerActivity"
135-->src/main/AndroidManifest.xml:75:13-57
136            android:label="@string/logviewer_activity_title"
136-->src/main/AndroidManifest.xml:74:13-61
137            android:theme="@style/Theme.Woo.DayNight" />
137-->src/main/AndroidManifest.xml:76:13-54
138        <activity
138-->src/main/AndroidManifest.xml:78:9-81:56
139            android:name="com.woocommerce.android.support.SSRActivity"
139-->src/main/AndroidManifest.xml:80:13-48
140            android:label="@string/support_system_status_report"
140-->src/main/AndroidManifest.xml:79:13-65
141            android:theme="@style/Theme.Woo.DayNight" />
141-->src/main/AndroidManifest.xml:81:13-54
142        <activity
142-->src/main/AndroidManifest.xml:83:9-86:57
143            android:name="com.woocommerce.android.support.HelpActivity"
143-->src/main/AndroidManifest.xml:84:13-49
144            android:label="@string/support_help"
144-->src/main/AndroidManifest.xml:85:13-49
145            android:theme="@style/Theme.Woo.DayNight" />
145-->src/main/AndroidManifest.xml:86:13-54
146        <activity
146-->src/main/AndroidManifest.xml:88:9-89:65
147            android:name="zendesk.support.guide.HelpCenterActivity"
147-->src/main/AndroidManifest.xml:88:19-74
148            android:label="@string/support_activity_title"
148-->[com.zendesk:guide:1.0.7] AndroidManifest.xml:19:13-59
149            android:theme="@style/Theme.Woo.DayNight.Zendesk"
149-->src/main/AndroidManifest.xml:89:13-62
150            android:windowSoftInputMode="adjustResize" />
150-->[com.zendesk:guide:1.0.7] AndroidManifest.xml:20:13-55
151        <activity
151-->src/main/AndroidManifest.xml:91:9-92:65
152            android:name="zendesk.support.guide.ViewArticleActivity"
152-->src/main/AndroidManifest.xml:91:19-75
153            android:configChanges="orientation|screenSize"
153-->[com.zendesk:guide:1.0.7] AndroidManifest.xml:15:13-59
154            android:label="@string/zs_view_article_loading_title"
154-->[com.zendesk:guide:1.0.7] AndroidManifest.xml:16:13-66
155            android:theme="@style/Theme.Woo.DayNight.Zendesk" />
155-->src/main/AndroidManifest.xml:92:13-62
156        <activity
156-->src/main/AndroidManifest.xml:94:9-95:65
157            android:name="zendesk.support.request.RequestActivity"
157-->src/main/AndroidManifest.xml:94:19-73
158            android:theme="@style/Theme.Woo.DayNight.Zendesk"
158-->src/main/AndroidManifest.xml:95:13-62
159            android:windowSoftInputMode="adjustResize" />
159-->[com.zendesk:support:5.0.8] AndroidManifest.xml:15:13-55
160        <activity
160-->src/main/AndroidManifest.xml:97:9-98:65
161            android:name="zendesk.support.requestlist.RequestListActivity"
161-->src/main/AndroidManifest.xml:97:19-81
162            android:label="@string/request_list_activity_title"
162-->[com.zendesk:support:5.0.8] AndroidManifest.xml:18:13-64
163            android:theme="@style/Theme.Woo.DayNight.Zendesk" />
163-->src/main/AndroidManifest.xml:98:13-62
164        <activity
164-->src/main/AndroidManifest.xml:100:9-101:57
165            android:name="org.wordpress.android.mediapicker.ui.MediaPickerActivity"
165-->src/main/AndroidManifest.xml:100:19-90
166            android:theme="@style/Theme.Woo.DayNight" /> <!-- Services -->
166-->src/main/AndroidManifest.xml:101:13-54
167        <service
167-->src/main/AndroidManifest.xml:104:9-110:19
168            android:name="com.woocommerce.android.push.FCMMessageService"
168-->src/main/AndroidManifest.xml:105:13-51
169            android:exported="false" >
169-->src/main/AndroidManifest.xml:106:13-37
170            <intent-filter>
170-->src/main/AndroidManifest.xml:107:13-109:29
171                <action android:name="com.google.firebase.MESSAGING_EVENT" />
171-->src/main/AndroidManifest.xml:108:17-78
171-->src/main/AndroidManifest.xml:108:25-75
172            </intent-filter>
173        </service>
174        <service
174-->src/main/AndroidManifest.xml:112:9-116:19
175            android:name="com.woocommerce.android.push.NotificationsProcessingService"
175-->src/main/AndroidManifest.xml:113:13-64
176            android:exported="false"
176-->src/main/AndroidManifest.xml:114:13-37
177            android:label="Notifications Quick Actions processing Service" >
177-->src/main/AndroidManifest.xml:115:13-75
178        </service>
179        <service
179-->src/main/AndroidManifest.xml:118:9-121:54
180            android:name="org.wordpress.android.login.LoginWpcomService"
180-->src/main/AndroidManifest.xml:119:13-73
181            android:exported="false"
181-->src/main/AndroidManifest.xml:120:13-37
182            android:label="Login to WPCOM Service" />
182-->src/main/AndroidManifest.xml:121:13-51
183
184        <meta-data
184-->src/main/AndroidManifest.xml:122:9-124:56
185            android:name="preloaded_fonts"
185-->src/main/AndroidManifest.xml:123:13-43
186            android:resource="@array/preloaded_fonts" />
186-->src/main/AndroidManifest.xml:124:13-54
187
188        <service
188-->src/main/AndroidManifest.xml:126:9-128:40
189            android:name="com.woocommerce.android.media.ProductImagesService"
189-->src/main/AndroidManifest.xml:127:13-55
190            android:exported="false" /> <!-- Provider for exposing file URIs on Android 7+ (required for camera) -->
190-->src/main/AndroidManifest.xml:128:13-37
191        <provider
192            android:name="androidx.core.content.FileProvider"
193            android:authorities="com.woocommerce.android.dev.provider"
194            android:exported="false"
195            android:grantUriPermissions="true" >
196            <meta-data
197                android:name="android.support.FILE_PROVIDER_PATHS"
198                android:resource="@xml/provider_paths" />
199        </provider>
200
201        <receiver
201-->[com.zendesk:support:5.0.8] AndroidManifest.xml:20:9-26:20
202            android:name="zendesk.support.DeepLinkingBroadcastReceiver"
202-->[com.zendesk:support:5.0.8] AndroidManifest.xml:21:13-72
203            android:exported="false" >
203-->[com.zendesk:support:5.0.8] AndroidManifest.xml:22:13-37
204            <intent-filter>
204-->[com.zendesk:support:5.0.8] AndroidManifest.xml:23:13-25:29
205                <action android:name="zendesk.support" />
205-->[com.zendesk:support:5.0.8] AndroidManifest.xml:24:17-58
205-->[com.zendesk:support:5.0.8] AndroidManifest.xml:24:25-55
206            </intent-filter>
207        </receiver>
208
209        <provider
209-->[com.zendesk:support:5.0.8] AndroidManifest.xml:28:9-32:40
210            android:name="zendesk.support.SupportSdkStartupProvider"
210-->[com.zendesk:support:5.0.8] AndroidManifest.xml:29:13-69
211            android:authorities="com.woocommerce.android.dev.zendesk.support.SupportSdkStartupProvider"
211-->[com.zendesk:support:5.0.8] AndroidManifest.xml:30:13-93
212            android:enabled="true"
212-->[com.zendesk:support:5.0.8] AndroidManifest.xml:31:13-35
213            android:exported="false" />
213-->[com.zendesk:support:5.0.8] AndroidManifest.xml:32:13-37
214
215        <activity
215-->[com.stripe:stripeterminal-core:2.10.0] AndroidManifest.xml:19:9-35:20
216            android:name="com.stripe.stripeterminal.UsbEventReceiverActivity"
216-->[com.stripe:stripeterminal-core:2.10.0] AndroidManifest.xml:20:13-78
217            android:excludeFromRecents="true"
217-->[com.stripe:stripeterminal-core:2.10.0] AndroidManifest.xml:21:13-46
218            android:exported="false"
218-->[com.stripe:stripeterminal-core:2.10.0] AndroidManifest.xml:22:13-37
219            android:label="@string/app_name"
219-->[com.stripe:stripeterminal-core:2.10.0] AndroidManifest.xml:23:13-45
220            android:noHistory="true"
220-->[com.stripe:stripeterminal-core:2.10.0] AndroidManifest.xml:24:13-37
221            android:process=":UsbEventReceiverActivityProcess"
221-->[com.stripe:stripeterminal-core:2.10.0] AndroidManifest.xml:25:13-63
222            android:taskAffinity="com.stripe.stripeterminal.taskAffinityUsbEventReceiver"
222-->[com.stripe:stripeterminal-core:2.10.0] AndroidManifest.xml:26:13-90
223            android:theme="@style/Theme.Transparent" >
223-->[com.stripe:stripeterminal-core:2.10.0] AndroidManifest.xml:27:13-53
224            <intent-filter>
224-->[com.stripe:stripeterminal-core:2.10.0] AndroidManifest.xml:28:13-30:29
225                <action android:name="android.hardware.usb.action.USB_DEVICE_ATTACHED" />
225-->[com.stripe:stripeterminal-core:2.10.0] AndroidManifest.xml:29:17-90
225-->[com.stripe:stripeterminal-core:2.10.0] AndroidManifest.xml:29:25-87
226            </intent-filter>
227
228            <meta-data
228-->[com.stripe:stripeterminal-core:2.10.0] AndroidManifest.xml:32:13-34:61
229                android:name="android.hardware.usb.action.USB_DEVICE_ATTACHED"
229-->[com.stripe:stripeterminal-core:2.10.0] AndroidManifest.xml:33:17-79
230                android:resource="@xml/usb_device_filter" />
230-->[com.stripe:stripeterminal-core:2.10.0] AndroidManifest.xml:34:17-58
231        </activity>
232        <activity
232-->[androidx.compose.ui:ui-tooling:1.1.1] AndroidManifest.xml:25:9-27:39
233            android:name="androidx.compose.ui.tooling.PreviewActivity"
233-->[androidx.compose.ui:ui-tooling:1.1.1] AndroidManifest.xml:26:13-71
234            android:exported="true" />
234-->[androidx.compose.ui:ui-tooling:1.1.1] AndroidManifest.xml:27:13-36
235
236        <provider
236-->[com.zendesk:guide:1.0.7] AndroidManifest.xml:22:9-26:40
237            android:name="zendesk.support.guide.GuideSdkStartupProvider"
237-->[com.zendesk:guide:1.0.7] AndroidManifest.xml:23:13-73
238            android:authorities="com.woocommerce.android.dev.zendesk.support.GuideSdkStartupProvider"
238-->[com.zendesk:guide:1.0.7] AndroidManifest.xml:24:13-91
239            android:enabled="true"
239-->[com.zendesk:guide:1.0.7] AndroidManifest.xml:25:13-35
240            android:exported="false" />
240-->[com.zendesk:guide:1.0.7] AndroidManifest.xml:26:13-37
241
242        <uses-library
242-->[androidx.window:window:1.0.0] AndroidManifest.xml:25:9-27:40
243            android:name="androidx.window.extensions"
243-->[androidx.window:window:1.0.0] AndroidManifest.xml:26:13-54
244            android:required="false" />
244-->[androidx.window:window:1.0.0] AndroidManifest.xml:27:13-37
245        <uses-library
245-->[androidx.window:window:1.0.0] AndroidManifest.xml:28:9-30:40
246            android:name="androidx.window.sidecar"
246-->[androidx.window:window:1.0.0] AndroidManifest.xml:29:13-51
247            android:required="false" />
247-->[androidx.window:window:1.0.0] AndroidManifest.xml:30:13-37
248
249        <activity
249-->[com.zendesk:messaging:5.2.3] AndroidManifest.xml:12:9-14:58
250            android:name="zendesk.messaging.MessagingActivity"
250-->[com.zendesk:messaging:5.2.3] AndroidManifest.xml:13:13-63
251            android:windowSoftInputMode="adjustResize" />
251-->[com.zendesk:messaging:5.2.3] AndroidManifest.xml:14:13-55
252
253        <meta-data
253-->[com.automattic:Automattic-Tracks-Android:2.2.0] AndroidManifest.xml:14:9-16:37
254            android:name="io.sentry.auto-init"
254-->[com.automattic:Automattic-Tracks-Android:2.2.0] AndroidManifest.xml:15:13-47
255            android:value="false" />
255-->[com.automattic:Automattic-Tracks-Android:2.2.0] AndroidManifest.xml:16:13-34
256
257        <provider
257-->[com.squareup.leakcanary:leakcanary-android-core:2.9.1] AndroidManifest.xml:31:9-39:20
258            android:name="leakcanary.internal.LeakCanaryFileProvider"
258-->[com.squareup.leakcanary:leakcanary-android-core:2.9.1] AndroidManifest.xml:32:13-70
259            android:authorities="com.squareup.leakcanary.fileprovider.com.woocommerce.android.dev"
259-->[com.squareup.leakcanary:leakcanary-android-core:2.9.1] AndroidManifest.xml:33:13-88
260            android:exported="false"
260-->[com.squareup.leakcanary:leakcanary-android-core:2.9.1] AndroidManifest.xml:34:13-37
261            android:grantUriPermissions="true" >
261-->[com.squareup.leakcanary:leakcanary-android-core:2.9.1] AndroidManifest.xml:35:13-47
262            <meta-data
263                android:name="android.support.FILE_PROVIDER_PATHS"
264                android:resource="@xml/leak_canary_file_paths" />
265        </provider>
266
267        <activity
267-->[com.squareup.leakcanary:leakcanary-android-core:2.9.1] AndroidManifest.xml:41:9-72:20
268            android:name="leakcanary.internal.activity.LeakActivity"
268-->[com.squareup.leakcanary:leakcanary-android-core:2.9.1] AndroidManifest.xml:42:13-69
269            android:exported="true"
269-->[com.squareup.leakcanary:leakcanary-android-core:2.9.1] AndroidManifest.xml:43:13-36
270            android:icon="@mipmap/leak_canary_icon"
270-->[com.squareup.leakcanary:leakcanary-android-core:2.9.1] AndroidManifest.xml:44:13-52
271            android:label="@string/leak_canary_display_activity_label"
271-->[com.squareup.leakcanary:leakcanary-android-core:2.9.1] AndroidManifest.xml:45:13-71
272            android:taskAffinity="com.squareup.leakcanary.com.woocommerce.android.dev"
272-->[com.squareup.leakcanary:leakcanary-android-core:2.9.1] AndroidManifest.xml:46:13-76
273            android:theme="@style/leak_canary_LeakCanary.Base" >
273-->[com.squareup.leakcanary:leakcanary-android-core:2.9.1] AndroidManifest.xml:47:13-63
274            <intent-filter android:label="@string/leak_canary_import_hprof_file" >
274-->[com.squareup.leakcanary:leakcanary-android-core:2.9.1] AndroidManifest.xml:48:13-71:29
274-->[com.squareup.leakcanary:leakcanary-android-core:2.9.1] AndroidManifest.xml:48:28-81
275                <action android:name="android.intent.action.VIEW" />
275-->src/main/AndroidManifest.xml:56:17-68
275-->src/main/AndroidManifest.xml:56:25-66
276
277                <category android:name="android.intent.category.DEFAULT" />
277-->src/main/AndroidManifest.xml:57:17-76
277-->src/main/AndroidManifest.xml:57:27-73
278                <category android:name="android.intent.category.BROWSABLE" />
278-->src/main/AndroidManifest.xml:58:17-78
278-->src/main/AndroidManifest.xml:58:27-75
279
280                <data android:scheme="file" />
280-->src/main/AndroidManifest.xml:59:17-61:52
280-->src/main/AndroidManifest.xml:61:21-49
281                <data android:scheme="content" />
281-->src/main/AndroidManifest.xml:59:17-61:52
281-->src/main/AndroidManifest.xml:61:21-49
282                <data android:mimeType="*/*" />
282-->src/main/AndroidManifest.xml:59:17-61:52
283                <data android:host="*" />
283-->src/main/AndroidManifest.xml:59:17-61:52
283-->src/main/AndroidManifest.xml:60:21-47
284                <data android:pathPattern=".*\\.hprof" />
284-->src/main/AndroidManifest.xml:59:17-61:52
285                <data android:pathPattern=".*\\..*\\.hprof" />
285-->src/main/AndroidManifest.xml:59:17-61:52
286                <data android:pathPattern=".*\\..*\\..*\\.hprof" />
286-->src/main/AndroidManifest.xml:59:17-61:52
287                <data android:pathPattern=".*\\..*\\..*\\..*\\.hprof" />
287-->src/main/AndroidManifest.xml:59:17-61:52
288                <data android:pathPattern=".*\\..*\\..*\\..*\\..*\\.hprof" />
288-->src/main/AndroidManifest.xml:59:17-61:52
289                <data android:pathPattern=".*\\..*\\..*\\..*\\..*\\..*\\.hprof" />
289-->src/main/AndroidManifest.xml:59:17-61:52
290                <data android:pathPattern=".*\\..*\\..*\\..*\\..*\\..*\\..*\\.hprof" />
290-->src/main/AndroidManifest.xml:59:17-61:52
291                <!--
292            Since hprof isn't a standard MIME type, we have to declare such patterns.
293            Most file providers will generate URIs including their own package name,
294            which contains `.` characters that must be explicitly escaped in pathPattern.
295            @see https://stackoverflow.com/a/31028507/703646
296                -->
297            </intent-filter>
298        </activity>
299
300        <activity-alias
300-->[com.squareup.leakcanary:leakcanary-android-core:2.9.1] AndroidManifest.xml:74:9-91:26
301            android:name="leakcanary.internal.activity.LeakLauncherActivity"
301-->[com.squareup.leakcanary:leakcanary-android-core:2.9.1] AndroidManifest.xml:75:13-77
302            android:banner="@drawable/leak_canary_tv_icon"
302-->[com.squareup.leakcanary:leakcanary-android-core:2.9.1] AndroidManifest.xml:76:13-59
303            android:enabled="@bool/leak_canary_add_launcher_icon"
303-->[com.squareup.leakcanary:leakcanary-android-core:2.9.1] AndroidManifest.xml:77:13-66
304            android:exported="true"
304-->[com.squareup.leakcanary:leakcanary-android-core:2.9.1] AndroidManifest.xml:78:13-36
305            android:icon="@mipmap/leak_canary_icon"
305-->[com.squareup.leakcanary:leakcanary-android-core:2.9.1] AndroidManifest.xml:79:13-52
306            android:label="@string/leak_canary_display_activity_label"
306-->[com.squareup.leakcanary:leakcanary-android-core:2.9.1] AndroidManifest.xml:80:13-71
307            android:targetActivity="leakcanary.internal.activity.LeakActivity"
307-->[com.squareup.leakcanary:leakcanary-android-core:2.9.1] AndroidManifest.xml:81:13-79
308            android:taskAffinity="com.squareup.leakcanary.com.woocommerce.android.dev"
308-->[com.squareup.leakcanary:leakcanary-android-core:2.9.1] AndroidManifest.xml:82:13-76
309            android:theme="@style/leak_canary_LeakCanary.Base" >
309-->[com.squareup.leakcanary:leakcanary-android-core:2.9.1] AndroidManifest.xml:83:13-63
310            <intent-filter>
310-->[com.squareup.leakcanary:leakcanary-android-core:2.9.1] AndroidManifest.xml:84:13-90:29
311                <action android:name="android.intent.action.MAIN" />
311-->src/main/AndroidManifest.xml:43:17-68
311-->src/main/AndroidManifest.xml:43:25-66
312